Feb 20 2023 09:27:56
{"type":8192,"message":"Return type of Requests_Utility_CaseInsensitiveDictionary::getIterator() should either be compatible with IteratorAggregate::getIterator(): Traversable, or the #[\\ReturnTypeWillChange] attribute should be used to temporarily suppress the notice","file":"C:\\Users\\User\\OneDrive\\Desktop\\WP\\koukaki\\app\\public\\wp-includes\\Requests\\Utility\\CaseInsensitiveDictionary.php","line":91}

Feb 20 2023 09:28:07
{"Number":8192,"Message":"rtrim(): Passing null to parameter #1 ($string) of type string is deprecated","File":"C:\\Users\\User\\OneDrive\\Desktop\\WP\\koukaki\\app\\public\\wp-includes\\formatting.php","Line":2785}

Feb 20 2023 09:28:07
{"Number":8192,"Message":"rtrim(): Passing null to parameter #1 ($string) of type string is deprecated","File":"C:\\Users\\User\\OneDrive\\Desktop\\WP\\koukaki\\app\\public\\wp-includes\\formatting.php","Line":2785}

Feb 20 2023 09:28:07
{"Number":8192,"Message":"rtrim(): Passing null to parameter #1 ($string) of type string is deprecated","File":"C:\\Users\\User\\OneDrive\\Desktop\\WP\\koukaki\\app\\public\\wp-includes\\formatting.php","Line":2785}

Feb 20 2023 09:28:07
{"Number":8192,"Message":"rtrim(): Passing null to parameter #1 ($string) of type string is deprecated","File":"C:\\Users\\User\\OneDrive\\Desktop\\WP\\koukaki\\app\\public\\wp-includes\\formatting.php","Line":2785}

Feb 20 2023 09:28:07
{"Number":8192,"Message":"rtrim(): Passing null to parameter #1 ($string) of type string is deprecated","File":"C:\\Users\\User\\OneDrive\\Desktop\\WP\\koukaki\\app\\public\\wp-includes\\formatting.php","Line":2785}

Feb 20 2023 09:28:07
{"Number":8192,"Message":"rtrim(): Passing null to parameter #1 ($string) of type string is deprecated","File":"C:\\Users\\User\\OneDrive\\Desktop\\WP\\koukaki\\app\\public\\wp-includes\\formatting.php","Line":2785}

Feb 20 2023 09:28:07
{"Number":8192,"Message":"rtrim(): Passing null to parameter #1 ($string) of type string is deprecated","File":"C:\\Users\\User\\OneDrive\\Desktop\\WP\\koukaki\\app\\public\\wp-includes\\formatting.php","Line":2785}

Feb 20 2023 09:28:07
{"Number":8192,"Message":"rtrim(): Passing null to parameter #1 ($string) of type string is deprecated","File":"C:\\Users\\User\\OneDrive\\Desktop\\WP\\koukaki\\app\\public\\wp-includes\\formatting.php","Line":2785}

Feb 20 2023 09:28:07
{"Number":8192,"Message":"rtrim(): Passing null to parameter #1 ($string) of type string is deprecated","File":"C:\\Users\\User\\OneDrive\\Desktop\\WP\\koukaki\\app\\public\\wp-includes\\formatting.php","Line":2785}

Feb 20 2023 09:28:07
{"Number":8192,"Message":"rtrim(): Passing null to parameter #1 ($string) of type string is deprecated","File":"C:\\Users\\User\\OneDrive\\Desktop\\WP\\koukaki\\app\\public\\wp-includes\\formatting.php","Line":2785}

Feb 20 2023 09:28:07
{"Number":8192,"Message":"rtrim(): Passing null to parameter #1 ($string) of type string is deprecated","File":"C:\\Users\\User\\OneDrive\\Desktop\\WP\\koukaki\\app\\public\\wp-includes\\formatting.php","Line":2785}

Feb 20 2023 09:28:07
{"Number":8192,"Message":"rtrim(): Passing null to parameter #1 ($string) of type string is deprecated","File":"C:\\Users\\User\\OneDrive\\Desktop\\WP\\koukaki\\app\\public\\wp-includes\\formatting.php","Line":2785}

Feb 20 2023 09:28:07
{"Number":8192,"Message":"rtrim(): Passing null to parameter #1 ($string) of type string is deprecated","File":"C:\\Users\\User\\OneDrive\\Desktop\\WP\\koukaki\\app\\public\\wp-includes\\formatting.php","Line":2785}

Feb 20 2023 09:28:07
{"Number":8192,"Message":"rtrim(): Passing null to parameter #1 ($string) of type string is deprecated","File":"C:\\Users\\User\\OneDrive\\Desktop\\WP\\koukaki\\app\\public\\wp-includes\\formatting.php","Line":2785}

Feb 20 2023 09:28:07
{"Number":8192,"Message":"rtrim(): Passing null to parameter #1 ($string) of type string is deprecated","File":"C:\\Users\\User\\OneDrive\\Desktop\\WP\\koukaki\\app\\public\\wp-includes\\formatting.php","Line":2785}

Feb 20 2023 09:28:07
{"Number":8192,"Message":"rtrim(): Passing null to parameter #1 ($string) of type string is deprecated","File":"C:\\Users\\User\\OneDrive\\Desktop\\WP\\koukaki\\app\\public\\wp-includes\\formatting.php","Line":2785}

Feb 20 2023 09:28:07
{"Number":8192,"Message":"rtrim(): Passing null to parameter #1 ($string) of type string is deprecated","File":"C:\\Users\\User\\OneDrive\\Desktop\\WP\\koukaki\\app\\public\\wp-includes\\formatting.php","Line":2785}

Feb 20 2023 09:28:07
{"Number":8192,"Message":"rtrim(): Passing null to parameter #1 ($string) of type string is deprecated","File":"C:\\Users\\User\\OneDrive\\Desktop\\WP\\koukaki\\app\\public\\wp-includes\\formatting.php","Line":2785}

Feb 20 2023 09:28:07
{"Number":8192,"Message":"rtrim(): Passing null to parameter #1 ($string) of type string is deprecated","File":"C:\\Users\\User\\OneDrive\\Desktop\\WP\\koukaki\\app\\public\\wp-includes\\formatting.php","Line":2785}

Feb 20 2023 09:28:07
{"Number":8192,"Message":"rtrim(): Passing null to parameter #1 ($string) of type string is deprecated","File":"C:\\Users\\User\\OneDrive\\Desktop\\WP\\koukaki\\app\\public\\wp-includes\\formatting.php","Line":2785}

Feb 20 2023 09:28:07
{"Number":8192,"Message":"rtrim(): Passing null to parameter #1 ($string) of type string is deprecated","File":"C:\\Users\\User\\OneDrive\\Desktop\\WP\\koukaki\\app\\public\\wp-includes\\formatting.php","Line":2785}

Feb 20 2023 09:28:07
{"Number":8192,"Message":"rtrim(): Passing null to parameter #1 ($string) of type string is deprecated","File":"C:\\Users\\User\\OneDrive\\Desktop\\WP\\koukaki\\app\\public\\wp-includes\\formatting.php","Line":2785}

Feb 20 2023 09:28:07
{"Number":8192,"Message":"rtrim(): Passing null to parameter #1 ($string) of type string is deprecated","File":"C:\\Users\\User\\OneDrive\\Desktop\\WP\\koukaki\\app\\public\\wp-includes\\formatting.php","Line":2785}

Feb 20 2023 09:28:07
{"Number":8192,"Message":"rtrim(): Passing null to parameter #1 ($string) of type string is deprecated","File":"C:\\Users\\User\\OneDrive\\Desktop\\WP\\koukaki\\app\\public\\wp-includes\\formatting.php","Line":2785}

Feb 20 2023 09:28:07
{"Number":8192,"Message":"rtrim(): Passing null to parameter #1 ($string) of type string is deprecated","File":"C:\\Users\\User\\OneDrive\\Desktop\\WP\\koukaki\\app\\public\\wp-includes\\formatting.php","Line":2785}

Feb 20 2023 09:28:07
{"Number":8192,"Message":"rtrim(): Passing null to parameter #1 ($string) of type string is deprecated","File":"C:\\Users\\User\\OneDrive\\Desktop\\WP\\koukaki\\app\\public\\wp-includes\\formatting.php","Line":2785}

Feb 20 2023 09:28:07
{"Number":8192,"Message":"rtrim(): Passing null to parameter #1 ($string) of type string is deprecated","File":"C:\\Users\\User\\OneDrive\\Desktop\\WP\\koukaki\\app\\public\\wp-includes\\formatting.php","Line":2785}

Feb 20 2023 09:28:07
{"Number":8192,"Message":"rtrim(): Passing null to parameter #1 ($string) of type string is deprecated","File":"C:\\Users\\User\\OneDrive\\Desktop\\WP\\koukaki\\app\\public\\wp-includes\\formatting.php","Line":2785}

Feb 20 2023 09:28:07
{"Number":8192,"Message":"rtrim(): Passing null to parameter #1 ($string) of type string is deprecated","File":"C:\\Users\\User\\OneDrive\\Desktop\\WP\\koukaki\\app\\public\\wp-includes\\formatting.php","Line":2785}

Feb 20 2023 09:28:07
{"Number":8192,"Message":"rtrim(): Passing null to parameter #1 ($string) of type string is deprecated","File":"C:\\Users\\User\\OneDrive\\Desktop\\WP\\koukaki\\app\\public\\wp-includes\\formatting.php","Line":2785}

Feb 20 2023 09:28:07
{"Number":8192,"Message":"rtrim(): Passing null to parameter #1 ($string) of type string is deprecated","File":"C:\\Users\\User\\OneDrive\\Desktop\\WP\\koukaki\\app\\public\\wp-includes\\formatting.php","Line":2785}

Feb 20 2023 09:28:07
{"Number":8192,"Message":"rtrim(): Passing null to parameter #1 ($string) of type string is deprecated","File":"C:\\Users\\User\\OneDrive\\Desktop\\WP\\koukaki\\app\\public\\wp-includes\\formatting.php","Line":2785}

Feb 20 2023 09:28:07
{"Number":8192,"Message":"rtrim(): Passing null to parameter #1 ($string) of type string is deprecated","File":"C:\\Users\\User\\OneDrive\\Desktop\\WP\\koukaki\\app\\public\\wp-includes\\formatting.php","Line":2785}

Feb 20 2023 09:28:07
{"Number":8192,"Message":"rtrim(): Passing null to parameter #1 ($string) of type string is deprecated","File":"C:\\Users\\User\\OneDrive\\Desktop\\WP\\koukaki\\app\\public\\wp-includes\\formatting.php","Line":2785}

Feb 20 2023 09:28:07
{"Number":8192,"Message":"rtrim(): Passing null to parameter #1 ($string) of type string is deprecated","File":"C:\\Users\\User\\OneDrive\\Desktop\\WP\\koukaki\\app\\public\\wp-includes\\formatting.php","Line":2785}

Feb 20 2023 09:28:07
{"Number":8192,"Message":"rtrim(): Passing null to parameter #1 ($string) of type string is deprecated","File":"C:\\Users\\User\\OneDrive\\Desktop\\WP\\koukaki\\app\\public\\wp-includes\\formatting.php","Line":2785}

Feb 20 2023 09:28:13
{"type":8192,"message":"Return type of Requests_Utility_CaseInsensitiveDictionary::getIterator() should either be compatible with IteratorAggregate::getIterator(): Traversable, or the #[\\ReturnTypeWillChange] attribute should be used to temporarily suppress the notice","file":"C:\\Users\\User\\OneDrive\\Desktop\\WP\\koukaki\\app\\public\\wp-includes\\Requests\\Utility\\CaseInsensitiveDictionary.php","line":91}

Feb 21 2023 09:58:30
{"type":8192,"message":"Return type of Requests_Utility_CaseInsensitiveDictionary::getIterator() should either be compatible with IteratorAggregate::getIterator(): Traversable, or the #[\\ReturnTypeWillChange] attribute should be used to temporarily suppress the notice","file":"C:\\Users\\User\\OneDrive\\Desktop\\WP\\koukaki\\app\\public\\wp-includes\\Requests\\Utility\\CaseInsensitiveDictionary.php","line":91}

Feb 21 2023 09:58:38
{"Number":8192,"Message":"rtrim(): Passing null to parameter #1 ($string) of type string is deprecated","File":"C:\\Users\\User\\OneDrive\\Desktop\\WP\\koukaki\\app\\public\\wp-includes\\formatting.php","Line":2785}

Feb 21 2023 09:58:38
{"Number":8192,"Message":"rtrim(): Passing null to parameter #1 ($string) of type string is deprecated","File":"C:\\Users\\User\\OneDrive\\Desktop\\WP\\koukaki\\app\\public\\wp-includes\\formatting.php","Line":2785}

Feb 21 2023 09:58:38
{"Number":8192,"Message":"rtrim(): Passing null to parameter #1 ($string) of type string is deprecated","File":"C:\\Users\\User\\OneDrive\\Desktop\\WP\\koukaki\\app\\public\\wp-includes\\formatting.php","Line":2785}

Feb 21 2023 09:58:38
{"Number":8192,"Message":"rtrim(): Passing null to parameter #1 ($string) of type string is deprecated","File":"C:\\Users\\User\\OneDrive\\Desktop\\WP\\koukaki\\app\\public\\wp-includes\\formatting.php","Line":2785}

Feb 21 2023 09:58:38
{"Number":8192,"Message":"rtrim(): Passing null to parameter #1 ($string) of type string is deprecated","File":"C:\\Users\\User\\OneDrive\\Desktop\\WP\\koukaki\\app\\public\\wp-includes\\formatting.php","Line":2785}

Feb 21 2023 09:58:38
{"Number":8192,"Message":"rtrim(): Passing null to parameter #1 ($string) of type string is deprecated","File":"C:\\Users\\User\\OneDrive\\Desktop\\WP\\koukaki\\app\\public\\wp-includes\\formatting.php","Line":2785}

Feb 21 2023 09:58:38
{"Number":8192,"Message":"rtrim(): Passing null to parameter #1 ($string) of type string is deprecated","File":"C:\\Users\\User\\OneDrive\\Desktop\\WP\\koukaki\\app\\public\\wp-includes\\formatting.php","Line":2785}

Feb 21 2023 09:58:38
{"Number":8192,"Message":"rtrim(): Passing null to parameter #1 ($string) of type string is deprecated","File":"C:\\Users\\User\\OneDrive\\Desktop\\WP\\koukaki\\app\\public\\wp-includes\\formatting.php","Line":2785}

Feb 21 2023 09:58:38
{"Number":8192,"Message":"rtrim(): Passing null to parameter #1 ($string) of type string is deprecated","File":"C:\\Users\\User\\OneDrive\\Desktop\\WP\\koukaki\\app\\public\\wp-includes\\formatting.php","Line":2785}

Feb 21 2023 09:58:38
{"Number":8192,"Message":"rtrim(): Passing null to parameter #1 ($string) of type string is deprecated","File":"C:\\Users\\User\\OneDrive\\Desktop\\WP\\koukaki\\app\\public\\wp-includes\\formatting.php","Line":2785}

Feb 21 2023 09:58:38
{"Number":8192,"Message":"rtrim(): Passing null to parameter #1 ($string) of type string is deprecated","File":"C:\\Users\\User\\OneDrive\\Desktop\\WP\\koukaki\\app\\public\\wp-includes\\formatting.php","Line":2785}

Feb 21 2023 09:58:38
{"Number":8192,"Message":"rtrim(): Passing null to parameter #1 ($string) of type string is deprecated","File":"C:\\Users\\User\\OneDrive\\Desktop\\WP\\koukaki\\app\\public\\wp-includes\\formatting.php","Line":2785}

Feb 21 2023 09:58:38
{"Number":8192,"Message":"rtrim(): Passing null to parameter #1 ($string) of type string is deprecated","File":"C:\\Users\\User\\OneDrive\\Desktop\\WP\\koukaki\\app\\public\\wp-includes\\formatting.php","Line":2785}

Feb 21 2023 09:58:38
{"Number":8192,"Message":"rtrim(): Passing null to parameter #1 ($string) of type string is deprecated","File":"C:\\Users\\User\\OneDrive\\Desktop\\WP\\koukaki\\app\\public\\wp-includes\\formatting.php","Line":2785}

Feb 21 2023 09:58:38
{"Number":8192,"Message":"rtrim(): Passing null to parameter #1 ($string) of type string is deprecated","File":"C:\\Users\\User\\OneDrive\\Desktop\\WP\\koukaki\\app\\public\\wp-includes\\formatting.php","Line":2785}

Feb 21 2023 09:58:38
{"Number":8192,"Message":"rtrim(): Passing null to parameter #1 ($string) of type string is deprecated","File":"C:\\Users\\User\\OneDrive\\Desktop\\WP\\koukaki\\app\\public\\wp-includes\\formatting.php","Line":2785}

Feb 21 2023 09:58:38
{"Number":8192,"Message":"rtrim(): Passing null to parameter #1 ($string) of type string is deprecated","File":"C:\\Users\\User\\OneDrive\\Desktop\\WP\\koukaki\\app\\public\\wp-includes\\formatting.php","Line":2785}

Feb 21 2023 09:58:38
{"Number":8192,"Message":"rtrim(): Passing null to parameter #1 ($string) of type string is deprecated","File":"C:\\Users\\User\\OneDrive\\Desktop\\WP\\koukaki\\app\\public\\wp-includes\\formatting.php","Line":2785}

Feb 21 2023 09:58:38
{"Number":8192,"Message":"rtrim(): Passing null to parameter #1 ($string) of type string is deprecated","File":"C:\\Users\\User\\OneDrive\\Desktop\\WP\\koukaki\\app\\public\\wp-includes\\formatting.php","Line":2785}

Feb 21 2023 09:58:38
{"Number":8192,"Message":"rtrim(): Passing null to parameter #1 ($string) of type string is deprecated","File":"C:\\Users\\User\\OneDrive\\Desktop\\WP\\koukaki\\app\\public\\wp-includes\\formatting.php","Line":2785}

Feb 21 2023 09:58:38
{"Number":8192,"Message":"rtrim(): Passing null to parameter #1 ($string) of type string is deprecated","File":"C:\\Users\\User\\OneDrive\\Desktop\\WP\\koukaki\\app\\public\\wp-includes\\formatting.php","Line":2785}

Feb 21 2023 09:58:38
{"Number":8192,"Message":"rtrim(): Passing null to parameter #1 ($string) of type string is deprecated","File":"C:\\Users\\User\\OneDrive\\Desktop\\WP\\koukaki\\app\\public\\wp-includes\\formatting.php","Line":2785}

Feb 21 2023 09:58:38
{"Number":8192,"Message":"rtrim(): Passing null to parameter #1 ($string) of type string is deprecated","File":"C:\\Users\\User\\OneDrive\\Desktop\\WP\\koukaki\\app\\public\\wp-includes\\formatting.php","Line":2785}

Feb 21 2023 09:58:38
{"Number":8192,"Message":"rtrim(): Passing null to parameter #1 ($string) of type string is deprecated","File":"C:\\Users\\User\\OneDrive\\Desktop\\WP\\koukaki\\app\\public\\wp-includes\\formatting.php","Line":2785}

Feb 21 2023 09:58:38
{"Number":8192,"Message":"rtrim(): Passing null to parameter #1 ($string) of type string is deprecated","File":"C:\\Users\\User\\OneDrive\\Desktop\\WP\\koukaki\\app\\public\\wp-includes\\formatting.php","Line":2785}

Feb 21 2023 09:58:38
{"Number":8192,"Message":"rtrim(): Passing null to parameter #1 ($string) of type string is deprecated","File":"C:\\Users\\User\\OneDrive\\Desktop\\WP\\koukaki\\app\\public\\wp-includes\\formatting.php","Line":2785}

Feb 21 2023 09:58:38
{"Number":8192,"Message":"rtrim(): Passing null to parameter #1 ($string) of type string is deprecated","File":"C:\\Users\\User\\OneDrive\\Desktop\\WP\\koukaki\\app\\public\\wp-includes\\formatting.php","Line":2785}

Feb 21 2023 09:58:38
{"Number":8192,"Message":"rtrim(): Passing null to parameter #1 ($string) of type string is deprecated","File":"C:\\Users\\User\\OneDrive\\Desktop\\WP\\koukaki\\app\\public\\wp-includes\\formatting.php","Line":2785}

Feb 21 2023 09:58:38
{"Number":8192,"Message":"rtrim(): Passing null to parameter #1 ($string) of type string is deprecated","File":"C:\\Users\\User\\OneDrive\\Desktop\\WP\\koukaki\\app\\public\\wp-includes\\formatting.php","Line":2785}

Feb 21 2023 09:58:38
{"Number":8192,"Message":"rtrim(): Passing null to parameter #1 ($string) of type string is deprecated","File":"C:\\Users\\User\\OneDrive\\Desktop\\WP\\koukaki\\app\\public\\wp-includes\\formatting.php","Line":2785}

Feb 21 2023 09:58:38
{"Number":8192,"Message":"rtrim(): Passing null to parameter #1 ($string) of type string is deprecated","File":"C:\\Users\\User\\OneDrive\\Desktop\\WP\\koukaki\\app\\public\\wp-includes\\formatting.php","Line":2785}

Feb 21 2023 09:58:38
{"Number":8192,"Message":"rtrim(): Passing null to parameter #1 ($string) of type string is deprecated","File":"C:\\Users\\User\\OneDrive\\Desktop\\WP\\koukaki\\app\\public\\wp-includes\\formatting.php","Line":2785}

Feb 21 2023 09:58:38
{"Number":8192,"Message":"rtrim(): Passing null to parameter #1 ($string) of type string is deprecated","File":"C:\\Users\\User\\OneDrive\\Desktop\\WP\\koukaki\\app\\public\\wp-includes\\formatting.php","Line":2785}

Feb 21 2023 09:58:38
{"Number":8192,"Message":"rtrim(): Passing null to parameter #1 ($string) of type string is deprecated","File":"C:\\Users\\User\\OneDrive\\Desktop\\WP\\koukaki\\app\\public\\wp-includes\\formatting.php","Line":2785}

Feb 21 2023 09:58:38
{"Number":8192,"Message":"rtrim(): Passing null to parameter #1 ($string) of type string is deprecated","File":"C:\\Users\\User\\OneDrive\\Desktop\\WP\\koukaki\\app\\public\\wp-includes\\formatting.php","Line":2785}

Feb 21 2023 09:58:38
{"Number":8192,"Message":"rtrim(): Passing null to parameter #1 ($string) of type string is deprecated","File":"C:\\Users\\User\\OneDrive\\Desktop\\WP\\koukaki\\app\\public\\wp-includes\\formatting.php","Line":2785}

Mar 14 2023 09:23:08
{"Number":8192,"Message":"base64_encode(): Passing null to parameter #1 ($string) of type string is deprecated","File":"C:\\Users\\User\\OneDrive\\Desktop\\WP\\koukaki\\app\\public\\wp-content\\plugins\\all-in-one-wp-migration\\lib\\model\\export\\class-ai1wm-export-config.php","Line":171}

Mar 14 2023 09:23:50
{"type":8192,"message":"Return type of Requests_Utility_CaseInsensitiveDictionary::getIterator() should either be compatible with IteratorAggregate::getIterator(): Traversable, or the #[\\ReturnTypeWillChange] attribute should be used to temporarily suppress the notice","file":"C:\\Users\\User\\OneDrive\\Desktop\\WP\\koukaki\\app\\public\\wp-includes\\Requests\\Utility\\CaseInsensitiveDictionary.php","line":91}

